1000 0.00608
2000 0.026457
3000 0.017601
4000 0.023764
5000 0.031703
6000 0.047364
7000 0.063424
8000 0.08316
9000 0.104266
10000 0.129601
11000 0.155585
12000 0.18568
13000 0.219682
14000 0.252379
15000 0.290922
16000 0.33076
17000 0.372398
18000 0.419571
19000 0.468503
20000 0.513975
21000 0.569726
22000 0.61308
23000 0.678327
24000 0.74226
25000 0.83229
26000 0.873104
27000 0.985751
28000 1.01618
29000 1.08705
30000 1.16208
31000 1.24741
32000 1.32925
33000 1.42222
34000 1.50565
35000 1.6237
36000 1.69687
37000 1.794
38000 1.90409
39000 2.0059
40000 2.16418
41000 2.27085
42000 2.37378
43000 2.47486
44000 2.61872
45000 2.75385
46000 2.83919
47000 3.01445
48000 3.15248
49000 3.31533
50000 3.44471
51000 3.58084
52000 3.76456
53000 3.92093
54000 4.13915
55000 4.26917
56000 4.42876
57000 4.65615
58000 4.74377
59000 5.01259
60000 5.16381
61000 5.38602
62000 5.5705
63000 5.77557
64000 5.96752
65000 6.14609
66000 6.28382
67000 6.43105
68000 6.61002
69000 6.73398
70000 6.93327
71000 7.09118
72000 7.31829
73000 7.51677
74000 7.69129
75000 7.87327
76000 8.14209
77000 8.36174
78000 8.5918
79000 8.72843
80000 8.96913
81000 9.25943
82000 9.37677
83000 9.53715
84000 9.75478
85000 9.96779
86000 10.2283
87000 10.5823
88000 10.6807
89000 10.9167
90000 11.1936
91000 11.4645
92000 11.7271
93000 11.9493
94000 12.2532
95000 12.5286
96000 12.69
97000 12.9903
98000 13.2528
99000 13.5602
100000 13.7864
