1000 0.012238
2000 0.040309
3000 0.054543
4000 0.086496
5000 0.139472
6000 0.198697
7000 0.268678
8000 0.349788
9000 0.446772
10000 0.551718
11000 0.678422
12000 0.794288
13000 0.933696
14000 1.08205
15000 1.23856
16000 1.4362
17000 1.60002
18000 1.80398
19000 2.00395
20000 2.20275
21000 2.44958
22000 2.69715
23000 2.92731
24000 3.19758
25000 3.4843
26000 3.79564
27000 4.08402
28000 4.44423
29000 4.79996
30000 5.14031
31000 5.52685
32000 5.88774
33000 6.29073
34000 6.6078
35000 7.03408
36000 7.47153
37000 7.87731
38000 8.28422
39000 8.73437
40000 9.15415
41000 9.59258
42000 10.0851
43000 10.6003
44000 11.0333
45000 11.5329
46000 12.0703
47000 12.6034
48000 13.1215
49000 13.6649
50000 14.2353
51000 14.8681
52000 15.3937
53000 16.0031
54000 16.7485
55000 17.2757
56000 17.8455
57000 18.5508
58000 19.2153
59000 19.8918
60000 20.4872
61000 21.1864
62000 21.9785
63000 22.547
64000 23.4076
65000 24.2036
66000 25.0767
67000 25.9508
68000 26.4254
69000 27.3052
70000 28.045
71000 28.8907
72000 29.8357
73000 30.6075
74000 31.3963
75000 32.2421
76000 33.1326
77000 34.0491
78000 34.9031
79000 35.7622
80000 36.9143
81000 37.7511
82000 38.626
83000 39.5494
84000 40.5481
85000 42.0008
86000 42.4619
87000 43.4775
88000 44.4733
89000 45.7423
90000 46.5002
91000 47.5705
92000 48.5891
93000 49.6362
94000 50.8604
95000 51.888
96000 53.0011
97000 54.1415
98000 55.2165
99000 56.3603
100000 57.3657
